<?xml version="1.0" encoding="UTF-8"?>
<testsuite name="calculatortest" tests="21" skipped="0" failures="0" errors="0" timestamp="2022-10-01T16:05:53" hostname="OnePlus-Nord-CE-5G.dhost.uta.edu" time="0.08">
  <properties/>
  <testcase name="testPythagorean()" classname="calculatortest" time="0.029"/>
  <testcase name="testPercentage()" classname="calculatortest" time="0.003"/>
  <testcase name="testAddNull()" classname="calculatortest" time="0.001"/>
  <testcase name="testMedianOdd()" classname="calculatortest" time="0.003"/>
  <testcase name="testAdd()" classname="calculatortest" time="0.002"/>
  <testcase name="testSubtract()" classname="calculatortest" time="0.0"/>
  <testcase name="testPythagoreanNegative()" classname="calculatortest" time="0.001"/>
  <testcase name="testRange()" classname="calculatortest" time="0.001"/>
  <testcase name="testMode()" classname="calculatortest" time="0.009"/>
  <testcase name="testRoot()" classname="calculatortest" time="0.001"/>
  <testcase name="testMultiplyByZero()" classname="calculatortest" time="0.001"/>
  <testcase name="testAddNegativeNumbers()" classname="calculatortest" time="0.001"/>
  <testcase name="testPythagoreanZero()" classname="calculatortest" time="0.002"/>
  <testcase name="testRootZero()" classname="calculatortest" time="0.0"/>
  <testcase name="testModulos()" classname="calculatortest" time="0.0"/>
  <testcase name="testDegreesToRadians()" classname="calculatortest" time="0.0"/>
  <testcase name="testSubtractWithNegative()" classname="calculatortest" time="0.001"/>
  <testcase name="testMedianEven()" classname="calculatortest" time="0.002"/>
  <testcase name="testDivide()" classname="calculatortest" time="0.001"/>
  <testcase name="testStandardDeviation()" classname="calculatortest" time="0.002"/>
  <testcase name="testMultiply()" classname="calculatortest" time="0.001"/>
  <system-out><![CDATA[]]></system-out>
  <system-err><![CDATA[]]></system-err>
</testsuite>
