<?xml version="1.0" encoding="UTF-8"?>
<testsuite name="calculatortest" tests="1" skipped="0" failures="0" errors="0" timestamp="2022-10-25T03:18:53" hostname="Mohammeds-MBP" time="0.016">
  <properties/>
  <testcase name="test9()" classname="calculatortest" time="0.016"/>
  <system-out><![CDATA[]]></system-out>
  <system-err><![CDATA[]]></system-err>
</testsuite>
