<?xml version="1.0" encoding="UTF-8"?>
<testsuite name="calculatortest" tests="1" skipped="0" failures="0" errors="0" timestamp="2022-10-23T22:04:14" hostname="MacBook-Air-5.dhost.uta.edu" time="0.016">
  <properties/>
  <testcase name="test20()" classname="calculatortest" time="0.016"/>
  <system-out><![CDATA[]]></system-out>
  <system-err><![CDATA[]]></system-err>
</testsuite>
