<?xml version="1.0" encoding="UTF-8"?>
<testsuite name="calculatortest" tests="1" skipped="0" failures="0" errors="0" timestamp="2022-10-26T19:59:55" hostname="Mohammeds-MBP.dhost.uta.edu" time="0.019">
  <properties/>
  <testcase name="test22()" classname="calculatortest" time="0.019"/>
  <system-out><![CDATA[]]></system-out>
  <system-err><![CDATA[]]></system-err>
</testsuite>
